[2025-01-18T19:25:13.790Z] [32MINFO[39M: ✅ Connected to MongoDB Atlas
[2025-01-18T19:25:13.795Z] [32MINFO[39M: 🚀 Server running on port 3000
[2025-01-18T19:33:40.986Z] [32MINFO[39M: ✅ Connected to MongoDB Atlas
[2025-01-18T19:33:40.990Z] [32MINFO[39M: 🚀 Server running on port 3000
[2025-01-18T19:56:30.254Z] [32MINFO[39M: ✅ Connected to MongoDB Atlas
[2025-01-18T19:56:30.259Z] [32MINFO[39M: 🚀 Server running on port 3000
[2025-01-18T19:56:32.390Z] [33MWARN[39M: Unauthorized access attempt
[2025-01-18T20:11:34.072Z] [33MWARN[39M: Invalid token used in API
[2025-01-18T20:21:45.916Z] [33MWARN[39M: Unauthorized access attempt
[2025-01-18T20:25:46.782Z] [33MWARN[39M: Unauthorized access attempt
[2025-01-18T20:26:05.553Z] [33MWARN[39M: Unauthorized access attempt
[2025-01-18T20:26:07.112Z] [32MINFO[39M: ✅ Connected to MongoDB Atlas
[2025-01-18T20:26:07.117Z] [32MINFO[39M: 🚀 Server running on port 3000
[2025-01-18T20:27:48.857Z] [33MWARN[39M: Invalid token used in API
[2025-01-18T20:31:14.463Z] [33MWARN[39M: Invalid token used in API
[2025-01-18T20:31:44.278Z] [32MINFO[39M: ✅ Connected to MongoDB Atlas
[2025-01-18T20:31:44.283Z] [32MINFO[39M: 🚀 Server running on port 3000
[2025-01-18T20:32:37.703Z] [33MWARN[39M: Invalid token used in API
[2025-01-18T20:32:44.502Z] [33MWARN[39M: Invalid token used in API
[2025-01-18T20:35:06.829Z] [33MWARN[39M: Unauthorized access attempt
[2025-01-18T20:35:36.638Z] [33MWARN[39M: Unauthorized access attempt - Token is missing
[2025-01-18T20:35:36.648Z] [32MINFO[39M: 🔍 Token recebido: eyJhbGciOiJIUzI1NiIsInR5cCI6IkpXVCJ9.eyJkb21haW4iOiJtZXVzaXRlLmNvbSIsImlhdCI6MTczNzIzMjUzNiwiZXhwIjoxNzM3MzE4OTM2fQ.Gskfy3aCnNYE_cLjCxcaaBEIX9LSkmukpoOHXIwdwnc
[2025-01-18T20:35:36.649Z] [32MINFO[39M: 🔍 JWT_SECRET usado: N8d/VXxyYgO7H36TIrMZ9x/edCjD6kYvxzNxCjMt7e0=
[2025-01-18T20:35:43.366Z] [32MINFO[39M: ✅ Connected to MongoDB Atlas
[2025-01-18T20:35:43.372Z] [32MINFO[39M: 🚀 Server running on port 3000
[2025-01-18T20:36:16.584Z] [32MINFO[39M: 🔍 Token recebido: Bearer
[2025-01-18T20:36:16.585Z] [32MINFO[39M: 🔍 JWT_SECRET usado: N8d/VXxyYgO7H36TIrMZ9x/edCjD6kYvxzNxCjMt7e0=
[2025-01-18T20:36:16.585Z] [33MWARN[39M: ❌ Invalid token used in API
[2025-01-18T20:36:16.586Z] [31MERROR[39M: Detalhes do erro: JsonWebTokenError: jwt malformed
[2025-01-18T20:40:35.004Z] [33MWARN[39M: Unauthorized access attempt - Token is missing or malformed
[2025-01-18T20:40:35.025Z] [32MINFO[39M: 🔍 Token recebido: eyJhbGciOiJIUzI1NiIsInR5cCI6IkpXVCJ9.eyJkb21haW4iOiJtZXVzaXRlLmNvbSIsImlhdCI6MTczNzIzMjgzNCwiZXhwIjoxNzM3MzE5MjM0fQ.VW6E-pMe5y7PCrQxEHefOExwvcrVwW6cObTlFcHOGTI
[2025-01-18T20:40:35.025Z] [32MINFO[39M: 🔍 JWT_SECRET usado: N8d/VXxyYgO7H36TIrMZ9x/edCjD6kYvxzNxCjMt7e0=
[2025-01-18T20:40:49.159Z] [33MWARN[39M: Unauthorized access attempt - Token is missing or malformed
[2025-01-18T20:40:49.179Z] [32MINFO[39M: 🔍 Token recebido: eyJhbGciOiJIUzI1NiIsInR5cCI6IkpXVCJ9.eyJkb21haW4iOiJtZXVzaXRlLmNvbSIsImlhdCI6MTczNzIzMjg0OSwiZXhwIjoxNzM3MzE5MjQ5fQ.6f_8f7NWShRH5C5vhO5fKo-nDBKDqtrQ_GFBGrnRWWw
[2025-01-18T20:40:49.179Z] [32MINFO[39M: 🔍 JWT_SECRET usado: N8d/VXxyYgO7H36TIrMZ9x/edCjD6kYvxzNxCjMt7e0=
[2025-01-18T20:40:49.472Z] [32MINFO[39M: ✅ Connected to MongoDB Atlas
[2025-01-18T20:40:49.478Z] [32MINFO[39M: 🚀 Server running on port 3000
[2025-01-18T20:41:18.926Z] [32MINFO[39M: 🔍 Token recebido: Bearer
[2025-01-18T20:41:18.927Z] [32MINFO[39M: 🔍 JWT_SECRET usado: N8d/VXxyYgO7H36TIrMZ9x/edCjD6kYvxzNxCjMt7e0=
[2025-01-18T20:41:18.928Z] [33MWARN[39M: ❌ Invalid token used in API
[2025-01-18T20:41:18.928Z] [31MERROR[39M: Detalhes do erro: jwt malformed
[2025-01-18T20:43:05.713Z] [32MINFO[39M: 🔍 Token recebido: eyJhbGciOiJIUzI1NiIsInR5cCI6IkpXVCJ9.eyJkb21haW4iOiJtZXVzaXRlLmNvbSIsImlhdCI6MTczNzIzMjU1NSwiZXhwIjoxNzM3MzE4OTU1fQ.SMwUqYdkOMSt7cZk23WRPL0YOBuVA_Y25AeiQgFvghU
[2025-01-18T20:43:05.714Z] [32MINFO[39M: 🔍 JWT_SECRET usado: N8d/VXxyYgO7H36TIrMZ9x/edCjD6kYvxzNxCjMt7e0=
[2025-01-18T20:43:59.734Z] [32MINFO[39M: 🔍 Token recebido: Bearer
[2025-01-18T20:43:59.735Z] [32MINFO[39M: 🔍 JWT_SECRET usado: N8d/VXxyYgO7H36TIrMZ9x/edCjD6kYvxzNxCjMt7e0=
[2025-01-18T20:43:59.735Z] [33MWARN[39M: ❌ Invalid token used in API
[2025-01-18T20:43:59.735Z] [31MERROR[39M: Detalhes do erro: jwt malformed
[2025-01-18T20:44:08.010Z] [32MINFO[39M: 🔍 Token recebido: eyJhbGciOiJIUzI1NiIsInR5cCI6IkpXVCJ9.eyJkb21haW4iOiJtZXVzaXRlLmNvbSIsImlhdCI6MTczNzIzMjU1NSwiZXhwIjoxNzM3MzE4OTU1fQ.SMwUqYdkOMSt7cZk23WRPL0YOBuVA_Y25AeiQgFvghU
[2025-01-18T20:44:08.011Z] [32MINFO[39M: 🔍 JWT_SECRET usado: N8d/VXxyYgO7H36TIrMZ9x/edCjD6kYvxzNxCjMt7e0=
[2025-01-18T20:44:19.743Z] [32MINFO[39M: 🔍 Token recebido: eyJhbGciOiJIUzI1NiIsInR5cCI6IkpXVCJ9.eyJkb21haW4iOiJtZXVzaXRlLmNvbSIsImlhdCI6MTczNzIzMjU1NSwiZXhwIjoxNzM3MzE4OTU1fQ.SMwUqYdkOMSt7cZk23WRPL0YOBuVA_Y25AeiQgFvghU
[2025-01-18T20:44:19.744Z] [32MINFO[39M: 🔍 JWT_SECRET usado: N8d/VXxyYgO7H36TIrMZ9x/edCjD6kYvxzNxCjMt7e0=
[2025-01-18T20:45:59.773Z] [32MINFO[39M: 🔍 Token recebido: eyJhbGciOiJIUzI1NiIsInR5cCI6IkpXVCJ9.eyJkb21haW4iOiJtZXVzaXRlLmNvbSIsImlhdCI6MTczNzIzMjU1NSwiZXhwIjoxNzM3MzE4OTU1fQ.SMwUqYdkOMSt7cZk23WRPL0YOBuVA_Y25AeiQgFvghU
[2025-01-18T20:45:59.773Z] [32MINFO[39M: 🔍 JWT_SECRET usado: N8d/VXxyYgO7H36TIrMZ9x/edCjD6kYvxzNxCjMt7e0=
[2025-01-18T20:46:02.199Z] [32MINFO[39M: 🔍 Token recebido: eyJhbGciOiJIUzI1NiIsInR5cCI6IkpXVCJ9.eyJkb21haW4iOiJtZXVzaXRlLmNvbSIsImlhdCI6MTczNzIzMjU1NSwiZXhwIjoxNzM3MzE4OTU1fQ.SMwUqYdkOMSt7cZk23WRPL0YOBuVA_Y25AeiQgFvghU
[2025-01-18T20:46:02.200Z] [32MINFO[39M: 🔍 JWT_SECRET usado: N8d/VXxyYgO7H36TIrMZ9x/edCjD6kYvxzNxCjMt7e0=
[2025-01-18T20:46:02.998Z] [32MINFO[39M: 🔍 Token recebido: eyJhbGciOiJIUzI1NiIsInR5cCI6IkpXVCJ9.eyJkb21haW4iOiJtZXVzaXRlLmNvbSIsImlhdCI6MTczNzIzMjU1NSwiZXhwIjoxNzM3MzE4OTU1fQ.SMwUqYdkOMSt7cZk23WRPL0YOBuVA_Y25AeiQgFvghU
[2025-01-18T20:46:02.999Z] [32MINFO[39M: 🔍 JWT_SECRET usado: N8d/VXxyYgO7H36TIrMZ9x/edCjD6kYvxzNxCjMt7e0=
[2025-01-18T20:46:03.507Z] [32MINFO[39M: 🔍 Token recebido: eyJhbGciOiJIUzI1NiIsInR5cCI6IkpXVCJ9.eyJkb21haW4iOiJtZXVzaXRlLmNvbSIsImlhdCI6MTczNzIzMjU1NSwiZXhwIjoxNzM3MzE4OTU1fQ.SMwUqYdkOMSt7cZk23WRPL0YOBuVA_Y25AeiQgFvghU
[2025-01-18T20:46:03.508Z] [32MINFO[39M: 🔍 JWT_SECRET usado: N8d/VXxyYgO7H36TIrMZ9x/edCjD6kYvxzNxCjMt7e0=
[2025-01-18T20:46:03.980Z] [32MINFO[39M: 🔍 Token recebido: eyJhbGciOiJIUzI1NiIsInR5cCI6IkpXVCJ9.eyJkb21haW4iOiJtZXVzaXRlLmNvbSIsImlhdCI6MTczNzIzMjU1NSwiZXhwIjoxNzM3MzE4OTU1fQ.SMwUqYdkOMSt7cZk23WRPL0YOBuVA_Y25AeiQgFvghU
[2025-01-18T20:46:03.980Z] [32MINFO[39M: 🔍 JWT_SECRET usado: N8d/VXxyYgO7H36TIrMZ9x/edCjD6kYvxzNxCjMt7e0=
[2025-01-18T20:46:04.379Z] [32MINFO[39M: 🔍 Token recebido: eyJhbGciOiJIUzI1NiIsInR5cCI6IkpXVCJ9.eyJkb21haW4iOiJtZXVzaXRlLmNvbSIsImlhdCI6MTczNzIzMjU1NSwiZXhwIjoxNzM3MzE4OTU1fQ.SMwUqYdkOMSt7cZk23WRPL0YOBuVA_Y25AeiQgFvghU
[2025-01-18T20:46:04.379Z] [32MINFO[39M: 🔍 JWT_SECRET usado: N8d/VXxyYgO7H36TIrMZ9x/edCjD6kYvxzNxCjMt7e0=
[2025-01-18T20:46:04.578Z] [32MINFO[39M: 🔍 Token recebido: eyJhbGciOiJIUzI1NiIsInR5cCI6IkpXVCJ9.eyJkb21haW4iOiJtZXVzaXRlLmNvbSIsImlhdCI6MTczNzIzMjU1NSwiZXhwIjoxNzM3MzE4OTU1fQ.SMwUqYdkOMSt7cZk23WRPL0YOBuVA_Y25AeiQgFvghU
[2025-01-18T20:46:04.578Z] [32MINFO[39M: 🔍 JWT_SECRET usado: N8d/VXxyYgO7H36TIrMZ9x/edCjD6kYvxzNxCjMt7e0=
[2025-01-18T20:46:04.747Z] [32MINFO[39M: 🔍 Token recebido: eyJhbGciOiJIUzI1NiIsInR5cCI6IkpXVCJ9.eyJkb21haW4iOiJtZXVzaXRlLmNvbSIsImlhdCI6MTczNzIzMjU1NSwiZXhwIjoxNzM3MzE4OTU1fQ.SMwUqYdkOMSt7cZk23WRPL0YOBuVA_Y25AeiQgFvghU
[2025-01-18T20:46:04.748Z] [32MINFO[39M: 🔍 JWT_SECRET usado: N8d/VXxyYgO7H36TIrMZ9x/edCjD6kYvxzNxCjMt7e0=
[2025-01-18T20:46:04.906Z] [32MINFO[39M: 🔍 Token recebido: eyJhbGciOiJIUzI1NiIsInR5cCI6IkpXVCJ9.eyJkb21haW4iOiJtZXVzaXRlLmNvbSIsImlhdCI6MTczNzIzMjU1NSwiZXhwIjoxNzM3MzE4OTU1fQ.SMwUqYdkOMSt7cZk23WRPL0YOBuVA_Y25AeiQgFvghU
[2025-01-18T20:46:04.907Z] [32MINFO[39M: 🔍 JWT_SECRET usado: N8d/VXxyYgO7H36TIrMZ9x/edCjD6kYvxzNxCjMt7e0=
[2025-01-18T20:46:05.066Z] [32MINFO[39M: 🔍 Token recebido: eyJhbGciOiJIUzI1NiIsInR5cCI6IkpXVCJ9.eyJkb21haW4iOiJtZXVzaXRlLmNvbSIsImlhdCI6MTczNzIzMjU1NSwiZXhwIjoxNzM3MzE4OTU1fQ.SMwUqYdkOMSt7cZk23WRPL0YOBuVA_Y25AeiQgFvghU
[2025-01-18T20:46:05.066Z] [32MINFO[39M: 🔍 JWT_SECRET usado: N8d/VXxyYgO7H36TIrMZ9x/edCjD6kYvxzNxCjMt7e0=
[2025-01-18T20:46:05.217Z] [32MINFO[39M: 🔍 Token recebido: eyJhbGciOiJIUzI1NiIsInR5cCI6IkpXVCJ9.eyJkb21haW4iOiJtZXVzaXRlLmNvbSIsImlhdCI6MTczNzIzMjU1NSwiZXhwIjoxNzM3MzE4OTU1fQ.SMwUqYdkOMSt7cZk23WRPL0YOBuVA_Y25AeiQgFvghU
[2025-01-18T20:46:05.218Z] [32MINFO[39M: 🔍 JWT_SECRET usado: N8d/VXxyYgO7H36TIrMZ9x/edCjD6kYvxzNxCjMt7e0=
[2025-01-18T20:46:05.362Z] [32MINFO[39M: 🔍 Token recebido: eyJhbGciOiJIUzI1NiIsInR5cCI6IkpXVCJ9.eyJkb21haW4iOiJtZXVzaXRlLmNvbSIsImlhdCI6MTczNzIzMjU1NSwiZXhwIjoxNzM3MzE4OTU1fQ.SMwUqYdkOMSt7cZk23WRPL0YOBuVA_Y25AeiQgFvghU
[2025-01-18T20:46:05.363Z] [32MINFO[39M: 🔍 JWT_SECRET usado: N8d/VXxyYgO7H36TIrMZ9x/edCjD6kYvxzNxCjMt7e0=
[2025-01-18T20:46:05.513Z] [32MINFO[39M: 🔍 Token recebido: eyJhbGciOiJIUzI1NiIsInR5cCI6IkpXVCJ9.eyJkb21haW4iOiJtZXVzaXRlLmNvbSIsImlhdCI6MTczNzIzMjU1NSwiZXhwIjoxNzM3MzE4OTU1fQ.SMwUqYdkOMSt7cZk23WRPL0YOBuVA_Y25AeiQgFvghU
[2025-01-18T20:46:05.514Z] [32MINFO[39M: 🔍 JWT_SECRET usado: N8d/VXxyYgO7H36TIrMZ9x/edCjD6kYvxzNxCjMt7e0=
[2025-01-18T20:46:05.658Z] [32MINFO[39M: 🔍 Token recebido: eyJhbGciOiJIUzI1NiIsInR5cCI6IkpXVCJ9.eyJkb21haW4iOiJtZXVzaXRlLmNvbSIsImlhdCI6MTczNzIzMjU1NSwiZXhwIjoxNzM3MzE4OTU1fQ.SMwUqYdkOMSt7cZk23WRPL0YOBuVA_Y25AeiQgFvghU
[2025-01-18T20:46:05.659Z] [32MINFO[39M: 🔍 JWT_SECRET usado: N8d/VXxyYgO7H36TIrMZ9x/edCjD6kYvxzNxCjMt7e0=
[2025-01-18T20:46:05.800Z] [32MINFO[39M: 🔍 Token recebido: eyJhbGciOiJIUzI1NiIsInR5cCI6IkpXVCJ9.eyJkb21haW4iOiJtZXVzaXRlLmNvbSIsImlhdCI6MTczNzIzMjU1NSwiZXhwIjoxNzM3MzE4OTU1fQ.SMwUqYdkOMSt7cZk23WRPL0YOBuVA_Y25AeiQgFvghU
[2025-01-18T20:46:05.801Z] [32MINFO[39M: 🔍 JWT_SECRET usado: N8d/VXxyYgO7H36TIrMZ9x/edCjD6kYvxzNxCjMt7e0=
[2025-01-18T20:46:05.968Z] [32MINFO[39M: 🔍 Token recebido: eyJhbGciOiJIUzI1NiIsInR5cCI6IkpXVCJ9.eyJkb21haW4iOiJtZXVzaXRlLmNvbSIsImlhdCI6MTczNzIzMjU1NSwiZXhwIjoxNzM3MzE4OTU1fQ.SMwUqYdkOMSt7cZk23WRPL0YOBuVA_Y25AeiQgFvghU
[2025-01-18T20:46:05.969Z] [32MINFO[39M: 🔍 JWT_SECRET usado: N8d/VXxyYgO7H36TIrMZ9x/edCjD6kYvxzNxCjMt7e0=
[2025-01-18T20:46:06.522Z] [32MINFO[39M: 🔍 Token recebido: eyJhbGciOiJIUzI1NiIsInR5cCI6IkpXVCJ9.eyJkb21haW4iOiJtZXVzaXRlLmNvbSIsImlhdCI6MTczNzIzMjU1NSwiZXhwIjoxNzM3MzE4OTU1fQ.SMwUqYdkOMSt7cZk23WRPL0YOBuVA_Y25AeiQgFvghU
[2025-01-18T20:46:06.523Z] [32MINFO[39M: 🔍 JWT_SECRET usado: N8d/VXxyYgO7H36TIrMZ9x/edCjD6kYvxzNxCjMt7e0=
[2025-01-18T20:46:07.098Z] [32MINFO[39M: 🔍 Token recebido: eyJhbGciOiJIUzI1NiIsInR5cCI6IkpXVCJ9.eyJkb21haW4iOiJtZXVzaXRlLmNvbSIsImlhdCI6MTczNzIzMjU1NSwiZXhwIjoxNzM3MzE4OTU1fQ.SMwUqYdkOMSt7cZk23WRPL0YOBuVA_Y25AeiQgFvghU
[2025-01-18T20:46:07.098Z] [32MINFO[39M: 🔍 JWT_SECRET usado: N8d/VXxyYgO7H36TIrMZ9x/edCjD6kYvxzNxCjMt7e0=
[2025-01-18T20:46:07.456Z] [32MINFO[39M: 🔍 Token recebido: eyJhbGciOiJIUzI1NiIsInR5cCI6IkpXVCJ9.eyJkb21haW4iOiJtZXVzaXRlLmNvbSIsImlhdCI6MTczNzIzMjU1NSwiZXhwIjoxNzM3MzE4OTU1fQ.SMwUqYdkOMSt7cZk23WRPL0YOBuVA_Y25AeiQgFvghU
[2025-01-18T20:46:07.456Z] [32MINFO[39M: 🔍 JWT_SECRET usado: N8d/VXxyYgO7H36TIrMZ9x/edCjD6kYvxzNxCjMt7e0=
[2025-01-18T20:46:07.888Z] [32MINFO[39M: 🔍 Token recebido: eyJhbGciOiJIUzI1NiIsInR5cCI6IkpXVCJ9.eyJkb21haW4iOiJtZXVzaXRlLmNvbSIsImlhdCI6MTczNzIzMjU1NSwiZXhwIjoxNzM3MzE4OTU1fQ.SMwUqYdkOMSt7cZk23WRPL0YOBuVA_Y25AeiQgFvghU
[2025-01-18T20:46:07.888Z] [32MINFO[39M: 🔍 JWT_SECRET usado: N8d/VXxyYgO7H36TIrMZ9x/edCjD6kYvxzNxCjMt7e0=
[2025-01-18T20:46:08.056Z] [32MINFO[39M: 🔍 Token recebido: eyJhbGciOiJIUzI1NiIsInR5cCI6IkpXVCJ9.eyJkb21haW4iOiJtZXVzaXRlLmNvbSIsImlhdCI6MTczNzIzMjU1NSwiZXhwIjoxNzM3MzE4OTU1fQ.SMwUqYdkOMSt7cZk23WRPL0YOBuVA_Y25AeiQgFvghU
[2025-01-18T20:46:08.057Z] [32MINFO[39M: 🔍 JWT_SECRET usado: N8d/VXxyYgO7H36TIrMZ9x/edCjD6kYvxzNxCjMt7e0=
[2025-01-18T20:47:20.815Z] [31MERROR[39M: Token is missing or malformed
